2018-05-12 20:21:41.689  INFO 24100 --- [main] c.e.demo.FsTransporteApplicationTests    : Starting FsTransporteApplicationTests on DESKTOP-760PLSR with PID 24100 (started by AsusPC in D:\servicios\fsTransporte)
2018-05-12 20:21:41.690  INFO 24100 --- [main] c.e.demo.FsTransporteApplicationTests    : No active profile set, falling back to default profiles: default
2018-05-12 20:21:41.713  INFO 24100 --- [main] s.c.a.AnnotationConfigApplicationContext : Refreshing org.springframework.context.annotation.AnnotationConfigApplicationContext@d21a74c: startup date [Sat May 12 20:21:41 COT 2018]; root of context hierarchy
2018-05-12 20:21:42.058  INFO 24100 --- [main] s.a.ScheduledAnnotationBeanPostProcessor : No TaskScheduler/ScheduledExecutorService bean found for scheduled processing
2018-05-12 20:21:42.072  INFO 24100 --- [main] c.e.demo.FsTransporteApplicationTests    : Started FsTransporteApplicationTests in 0.583 seconds (JVM running for 1.143)
2018-05-12 20:21:42.097  INFO 24100 --- [Thread-2] s.c.a.AnnotationConfigApplicationContext : Closing org.springframework.context.annotation.AnnotationConfigApplicationContext@d21a74c: startup date [Sat May 12 20:21:41 COT 2018]; root of context hierarchy
2018-05-12 20:21:56.712  INFO 14812 --- [main] c.example.demo.FsTransporteApplication   : Starting FsTransporteApplication v0.0.1-SNAPSHOT on DESKTOP-760PLSR with PID 14812 (D:\servicios\fsTransporte\target\sandbox_fsTransporte.jar started by AsusPC in D:\servicios\fsTransporte)
2018-05-12 20:21:56.715  INFO 14812 --- [main] c.example.demo.FsTransporteApplication   : No active profile set, falling back to default profiles: default
2018-05-12 20:21:56.766  INFO 14812 --- [main] s.c.a.AnnotationConfigApplicationContext : Refreshing org.springframework.context.annotation.AnnotationConfigApplicationContext@14da5c3: startup date [Sat May 12 20:21:56 COT 2018]; root of context hierarchy
2018-05-12 20:21:57.254  INFO 14812 --- [main] o.s.j.e.a.AnnotationMBeanExporter        : Registering beans for JMX exposure on startup
2018-05-12 20:21:57.261  INFO 14812 --- [main] s.a.ScheduledAnnotationBeanPostProcessor : No TaskScheduler/ScheduledExecutorService bean found for scheduled processing
2018-05-12 20:21:57.274  INFO 14812 --- [main] c.example.demo.FsTransporteApplication   : Started FsTransporteApplication in 0.877 seconds (JVM running for 1.234)
2018-05-12 20:41:59.503  INFO 14812 --- [Thread-2] s.c.a.AnnotationConfigApplicationContext : Closing org.springframework.context.annotation.AnnotationConfigApplicationContext@14da5c3: startup date [Sat May 12 20:21:56 COT 2018]; root of context hierarchy
2018-05-12 20:41:59.508  INFO 14812 --- [Thread-2] o.s.j.e.a.AnnotationMBeanExporter        : Unregistering JMX-exposed beans on shutdown
2018-05-12 20:42:10.397  INFO 22304 --- [main] c.e.demo.FsTransporteApplicationTests    : Starting FsTransporteApplicationTests on DESKTOP-760PLSR with PID 22304 (started by AsusPC in D:\servicios\fsTransporte)
2018-05-12 20:42:10.399  INFO 22304 --- [main] c.e.demo.FsTransporteApplicationTests    : No active profile set, falling back to default profiles: default
2018-05-12 20:42:10.422  INFO 22304 --- [main] s.c.a.AnnotationConfigApplicationContext : Refreshing org.springframework.context.annotation.AnnotationConfigApplicationContext@d21a74c: startup date [Sat May 12 20:42:10 COT 2018]; root of context hierarchy
2018-05-12 20:42:10.766  INFO 22304 --- [main] s.a.ScheduledAnnotationBeanPostProcessor : No TaskScheduler/ScheduledExecutorService bean found for scheduled processing
2018-05-12 20:42:10.775  INFO 22304 --- [main] c.e.demo.FsTransporteApplicationTests    : Started FsTransporteApplicationTests in 0.579 seconds (JVM running for 1.124)
2018-05-12 20:42:10.801  INFO 22304 --- [Thread-2] s.c.a.AnnotationConfigApplicationContext : Closing org.springframework.context.annotation.AnnotationConfigApplicationContext@d21a74c: startup date [Sat May 12 20:42:10 COT 2018]; root of context hierarchy
2018-05-12 20:42:20.683  INFO 21220 --- [main] c.example.demo.FsTransporteApplication   : Starting FsTransporteApplication v0.0.1-SNAPSHOT on DESKTOP-760PLSR with PID 21220 (D:\servicios\fsTransporte\target\sandbox_fsTransporte.jar started by AsusPC in D:\servicios\fsTransporte)
2018-05-12 20:42:20.687  INFO 21220 --- [main] c.example.demo.FsTransporteApplication   : No active profile set, falling back to default profiles: default
2018-05-12 20:42:20.737  INFO 21220 --- [main] s.c.a.AnnotationConfigApplicationContext : Refreshing org.springframework.context.annotation.AnnotationConfigApplicationContext@3b7951: startup date [Sat May 12 20:42:20 COT 2018]; root of context hierarchy
2018-05-12 20:42:21.237  INFO 21220 --- [main] o.s.j.e.a.AnnotationMBeanExporter        : Registering beans for JMX exposure on startup
2018-05-12 20:42:21.244  INFO 21220 --- [main] s.a.ScheduledAnnotationBeanPostProcessor : No TaskScheduler/ScheduledExecutorService bean found for scheduled processing
2018-05-12 20:42:21.257  INFO 21220 --- [main] c.example.demo.FsTransporteApplication   : Started FsTransporteApplication in 0.912 seconds (JVM running for 1.303)
2018-05-12 20:43:31.270 ERROR 21220 --- [pool-1-thread-1] com.example.demo.CronBolivariano         : query_reservas_1526173004881.txt
2018-05-12 20:46:14.922  INFO 21220 --- [Thread-2] s.c.a.AnnotationConfigApplicationContext : Closing org.springframework.context.annotation.AnnotationConfigApplicationContext@3b7951: startup date [Sat May 12 20:42:20 COT 2018]; root of context hierarchy
2018-05-12 20:46:14.926  INFO 21220 --- [Thread-2] o.s.j.e.a.AnnotationMBeanExporter        : Unregistering JMX-exposed beans on shutdown
2018-05-12 20:46:24.517  INFO 3144 --- [main] c.e.demo.FsTransporteApplicationTests    : Starting FsTransporteApplicationTests on DESKTOP-760PLSR with PID 3144 (started by AsusPC in D:\servicios\fsTransporte)
2018-05-12 20:46:24.518  INFO 3144 --- [main] c.e.demo.FsTransporteApplicationTests    : No active profile set, falling back to default profiles: default
2018-05-12 20:46:24.538  INFO 3144 --- [main] s.c.a.AnnotationConfigApplicationContext : Refreshing org.springframework.context.annotation.AnnotationConfigApplicationContext@d21a74c: startup date [Sat May 12 20:46:24 COT 2018]; root of context hierarchy
2018-05-12 20:46:24.862  INFO 3144 --- [main] s.a.ScheduledAnnotationBeanPostProcessor : No TaskScheduler/ScheduledExecutorService bean found for scheduled processing
2018-05-12 20:46:24.874  INFO 3144 --- [main] c.e.demo.FsTransporteApplicationTests    : Started FsTransporteApplicationTests in 0.559 seconds (JVM running for 1.199)
2018-05-12 20:46:24.900  INFO 3144 --- [Thread-2] s.c.a.AnnotationConfigApplicationContext : Closing org.springframework.context.annotation.AnnotationConfigApplicationContext@d21a74c: startup date [Sat May 12 20:46:24 COT 2018]; root of context hierarchy
2018-05-12 20:46:35.477  INFO 18616 --- [main] c.example.demo.FsTransporteApplication   : Starting FsTransporteApplication v0.0.1-SNAPSHOT on DESKTOP-760PLSR with PID 18616 (D:\servicios\fsTransporte\target\sandbox_fsTransporte.jar started by AsusPC in D:\servicios\fsTransporte)
2018-05-12 20:46:35.481  INFO 18616 --- [main] c.example.demo.FsTransporteApplication   : No active profile set, falling back to default profiles: default
2018-05-12 20:46:35.533  INFO 18616 --- [main] s.c.a.AnnotationConfigApplicationContext : Refreshing org.springframework.context.annotation.AnnotationConfigApplicationContext@14da5c3: startup date [Sat May 12 20:46:35 COT 2018]; root of context hierarchy
2018-05-12 20:46:36.023  INFO 18616 --- [main] o.s.j.e.a.AnnotationMBeanExporter        : Registering beans for JMX exposure on startup
2018-05-12 20:46:36.030  INFO 18616 --- [main] s.a.ScheduledAnnotationBeanPostProcessor : No TaskScheduler/ScheduledExecutorService bean found for scheduled processing
2018-05-12 20:46:36.043  INFO 18616 --- [main] c.example.demo.FsTransporteApplication   : Started FsTransporteApplication in 0.897 seconds (JVM running for 1.253)
2018-05-12 20:47:15.677  INFO 18616 --- [Thread-2] s.c.a.AnnotationConfigApplicationContext : Closing org.springframework.context.annotation.AnnotationConfigApplicationContext@14da5c3: startup date [Sat May 12 20:46:35 COT 2018]; root of context hierarchy
2018-05-12 20:47:15.681  INFO 18616 --- [Thread-2] o.s.j.e.a.AnnotationMBeanExporter        : Unregistering JMX-exposed beans on shutdown
2018-05-12 20:47:22.706  INFO 9348 --- [main] c.e.demo.FsTransporteApplicationTests    : Starting FsTransporteApplicationTests on DESKTOP-760PLSR with PID 9348 (started by AsusPC in D:\servicios\fsTransporte)
2018-05-12 20:47:22.707  INFO 9348 --- [main] c.e.demo.FsTransporteApplicationTests    : No active profile set, falling back to default profiles: default
2018-05-12 20:47:22.731  INFO 9348 --- [main] s.c.a.AnnotationConfigApplicationContext : Refreshing org.springframework.context.annotation.AnnotationConfigApplicationContext@d21a74c: startup date [Sat May 12 20:47:22 COT 2018]; root of context hierarchy
2018-05-12 20:47:23.072  INFO 9348 --- [main] s.a.ScheduledAnnotationBeanPostProcessor : No TaskScheduler/ScheduledExecutorService bean found for scheduled processing
2018-05-12 20:47:23.082  INFO 9348 --- [main] c.e.demo.FsTransporteApplicationTests    : Started FsTransporteApplicationTests in 0.577 seconds (JVM running for 1.174)
2018-05-12 20:47:23.105  INFO 9348 --- [Thread-2] s.c.a.AnnotationConfigApplicationContext : Closing org.springframework.context.annotation.AnnotationConfigApplicationContext@d21a74c: startup date [Sat May 12 20:47:22 COT 2018]; root of context hierarchy
2018-05-12 20:47:26.889  INFO 10284 --- [main] c.example.demo.FsTransporteApplication   : Starting FsTransporteApplication v0.0.1-SNAPSHOT on DESKTOP-760PLSR with PID 10284 (D:\servicios\fsTransporte\target\sandbox_fsTransporte.jar started by AsusPC in D:\servicios\fsTransporte)
2018-05-12 20:47:26.893  INFO 10284 --- [main] c.example.demo.FsTransporteApplication   : No active profile set, falling back to default profiles: default
2018-05-12 20:47:26.944  INFO 10284 --- [main] s.c.a.AnnotationConfigApplicationContext : Refreshing org.springframework.context.annotation.AnnotationConfigApplicationContext@14da5c3: startup date [Sat May 12 20:47:26 COT 2018]; root of context hierarchy
2018-05-12 20:47:27.575  INFO 10284 --- [main] o.s.j.e.a.AnnotationMBeanExporter        : Registering beans for JMX exposure on startup
2018-05-12 20:47:27.583  INFO 10284 --- [main] s.a.ScheduledAnnotationBeanPostProcessor : No TaskScheduler/ScheduledExecutorService bean found for scheduled processing
2018-05-12 20:47:27.596  INFO 10284 --- [main] c.example.demo.FsTransporteApplication   : Started FsTransporteApplication in 1.02 seconds (JVM running for 1.38)
2018-05-12 20:47:32.593 ERROR 10284 --- [pool-1-thread-1] com.example.demo.CronBolivariano         : query_reservas_1526173004881.txt
2018-05-12 20:55:31.715  INFO 10284 --- [Thread-2] s.c.a.AnnotationConfigApplicationContext : Closing org.springframework.context.annotation.AnnotationConfigApplicationContext@14da5c3: startup date [Sat May 12 20:47:26 COT 2018]; root of context hierarchy
2018-05-12 20:55:31.720  INFO 10284 --- [Thread-2] o.s.j.e.a.AnnotationMBeanExporter        : Unregistering JMX-exposed beans on shutdown
2018-05-12 22:25:49.563  INFO 20720 --- [main] c.e.demo.FsTransporteApplicationTests    : Starting FsTransporteApplicationTests on DESKTOP-760PLSR with PID 20720 (started by AsusPC in D:\servicios\fsTransporte)
2018-05-12 22:25:49.564  INFO 20720 --- [main] c.e.demo.FsTransporteApplicationTests    : No active profile set, falling back to default profiles: default
2018-05-12 22:25:49.584  INFO 20720 --- [main] s.c.a.AnnotationConfigApplicationContext : Refreshing org.springframework.context.annotation.AnnotationConfigApplicationContext@d21a74c: startup date [Sat May 12 22:25:49 COT 2018]; root of context hierarchy
2018-05-12 22:25:49.923  INFO 20720 --- [main] s.a.ScheduledAnnotationBeanPostProcessor : No TaskScheduler/ScheduledExecutorService bean found for scheduled processing
2018-05-12 22:25:49.932  INFO 20720 --- [main] c.e.demo.FsTransporteApplicationTests    : Started FsTransporteApplicationTests in 0.579 seconds (JVM running for 1.139)
2018-05-12 22:25:49.961  INFO 20720 --- [Thread-2] s.c.a.AnnotationConfigApplicationContext : Closing org.springframework.context.annotation.AnnotationConfigApplicationContext@d21a74c: startup date [Sat May 12 22:25:49 COT 2018]; root of context hierarchy
2018-05-12 22:26:05.234  INFO 21088 --- [main] c.example.demo.FsTransporteApplication   : Starting FsTransporteApplication v0.0.1-SNAPSHOT on DESKTOP-760PLSR with PID 21088 (D:\servicios\fsTransporte\target\sandbox_fsTransporte.jar started by AsusPC in D:\servicios\fsTransporte)
2018-05-12 22:26:05.238  INFO 21088 --- [main] c.example.demo.FsTransporteApplication   : No active profile set, falling back to default profiles: default
2018-05-12 22:26:05.289  INFO 21088 --- [main] s.c.a.AnnotationConfigApplicationContext : Refreshing org.springframework.context.annotation.AnnotationConfigApplicationContext@14da5c3: startup date [Sat May 12 22:26:05 COT 2018]; root of context hierarchy
2018-05-12 22:26:05.838  INFO 21088 --- [main] o.s.j.e.a.AnnotationMBeanExporter        : Registering beans for JMX exposure on startup
2018-05-12 22:26:05.845  INFO 21088 --- [main] s.a.ScheduledAnnotationBeanPostProcessor : No TaskScheduler/ScheduledExecutorService bean found for scheduled processing
2018-05-12 22:26:05.859  INFO 21088 --- [main] c.example.demo.FsTransporteApplication   : Started FsTransporteApplication in 0.947 seconds (JVM running for 1.307)
2018-05-12 22:26:10.854 ERROR 21088 --- [pool-1-thread-1] com.example.demo.CronBolivariano         : query_reservas_1526173004881.txt
2018-05-12 22:42:49.524  INFO 21088 --- [Thread-2] s.c.a.AnnotationConfigApplicationContext : Closing org.springframework.context.annotation.AnnotationConfigApplicationContext@14da5c3: startup date [Sat May 12 22:26:05 COT 2018]; root of context hierarchy
2018-05-12 22:42:49.528  INFO 21088 --- [Thread-2] o.s.j.e.a.AnnotationMBeanExporter        : Unregistering JMX-exposed beans on shutdown
2018-05-12 23:08:27.941  INFO 13156 --- [main] c.e.demo.FsTransporteApplicationTests    : Starting FsTransporteApplicationTests on DESKTOP-760PLSR with PID 13156 (started by AsusPC in D:\servicios\fsTransporte)
2018-05-12 23:08:27.943  INFO 13156 --- [main] c.e.demo.FsTransporteApplicationTests    : No active profile set, falling back to default profiles: default
2018-05-12 23:08:27.965  INFO 13156 --- [main] s.c.a.AnnotationConfigApplicationContext : Refreshing org.springframework.context.annotation.AnnotationConfigApplicationContext@d21a74c: startup date [Sat May 12 23:08:27 COT 2018]; root of context hierarchy
2018-05-12 23:08:28.313  INFO 13156 --- [main] s.a.ScheduledAnnotationBeanPostProcessor : No TaskScheduler/ScheduledExecutorService bean found for scheduled processing
2018-05-12 23:08:28.323  INFO 13156 --- [main] c.e.demo.FsTransporteApplicationTests    : Started FsTransporteApplicationTests in 0.584 seconds (JVM running for 1.132)
2018-05-12 23:08:28.347  INFO 13156 --- [Thread-2] s.c.a.AnnotationConfigApplicationContext : Closing org.springframework.context.annotation.AnnotationConfigApplicationContext@d21a74c: startup date [Sat May 12 23:08:27 COT 2018]; root of context hierarchy
2018-05-12 23:08:46.028  INFO 26500 --- [main] c.example.demo.FsTransporteApplication   : Starting FsTransporteApplication v0.0.1-SNAPSHOT on DESKTOP-760PLSR with PID 26500 (D:\servicios\fsTransporte\target\sandbox_fsTransporte.jar started by AsusPC in D:\servicios\fsTransporte)
2018-05-12 23:08:46.032  INFO 26500 --- [main] c.example.demo.FsTransporteApplication   : No active profile set, falling back to default profiles: default
2018-05-12 23:08:46.095  INFO 26500 --- [main] s.c.a.AnnotationConfigApplicationContext : Refreshing org.springframework.context.annotation.AnnotationConfigApplicationContext@14da5c3: startup date [Sat May 12 23:08:46 COT 2018]; root of context hierarchy
2018-05-12 23:08:46.590  INFO 26500 --- [main] o.s.j.e.a.AnnotationMBeanExporter        : Registering beans for JMX exposure on startup
2018-05-12 23:08:46.597  INFO 26500 --- [main] s.a.ScheduledAnnotationBeanPostProcessor : No TaskScheduler/ScheduledExecutorService bean found for scheduled processing
2018-05-12 23:08:46.610  INFO 26500 --- [main] c.example.demo.FsTransporteApplication   : Started FsTransporteApplication in 0.898 seconds (JVM running for 1.237)
2018-05-12 23:08:51.606 ERROR 26500 --- [pool-1-thread-1] com.example.demo.CronBolivariano         : reservar_1526184266104.txt
2018-05-12 23:08:51.678 ERROR 26500 --- [pool-1-thread-1] com.example.demo.GeneraRespuestas        : String index out of range: 56
2018-05-12 23:08:51.695 ERROR 26500 --- [pool-1-thread-1] o.s.s.s.TaskUtils$LoggingErrorHandler    : Unexpected error occurred in scheduled task.

java.lang.NullPointerException: null
	at com.example.demo.GeneraRespuestas.crearArchivoRta(GeneraRespuestas.java:45) ~[classes!/:0.0.1-SNAPSHOT]
	at com.example.demo.CronBolivariano.leerDirectorio(CronBolivariano.java:45) ~[classes!/:0.0.1-SNAPSHOT]
	at com.example.demo.CronBolivariano.comprobarDirectorio(CronBolivariano.java:35) ~[classes!/:0.0.1-SNAPSHOT]
	at sun.reflect.NativeMethodAccessorImpl.invoke0(Native Method) ~[na:1.8.0_151]
	at sun.reflect.NativeMethodAccessorImpl.invoke(Unknown Source) ~[na:1.8.0_151]
	at sun.reflect.DelegatingMethodAccessorImpl.invoke(Unknown Source) ~[na:1.8.0_151]
	at java.lang.reflect.Method.invoke(Unknown Source) ~[na:1.8.0_151]
	at org.springframework.scheduling.support.ScheduledMethodRunnable.run(ScheduledMethodRunnable.java:65) ~[spring-context-4.3.14.RELEASE.jar!/:4.3.14.RELEASE]
	at org.springframework.scheduling.support.DelegatingErrorHandlingRunnable.run(DelegatingErrorHandlingRunnable.java:54) ~[spring-context-4.3.14.RELEASE.jar!/:4.3.14.RELEASE]
	at java.util.concurrent.Executors$RunnableAdapter.call(Unknown Source) [na:1.8.0_151]
	at java.util.concurrent.FutureTask.runAndReset(Unknown Source) [na:1.8.0_151]
	at java.util.concurrent.ScheduledThreadPoolExecutor$ScheduledFutureTask.access$301(Unknown Source) [na:1.8.0_151]
	at java.util.concurrent.ScheduledThreadPoolExecutor$ScheduledFutureTask.run(Unknown Source) [na:1.8.0_151]
	at java.util.concurrent.ThreadPoolExecutor.runWorker(Unknown Source) [na:1.8.0_151]
	at java.util.concurrent.ThreadPoolExecutor$Worker.run(Unknown Source) [na:1.8.0_151]
	at java.lang.Thread.run(Unknown Source) [na:1.8.0_151]

2018-05-12 23:08:56.698 ERROR 26500 --- [pool-1-thread-1] com.example.demo.CronBolivariano         : reservar_1526184266104.txt
2018-05-12 23:08:56.699 ERROR 26500 --- [pool-1-thread-1] com.example.demo.GeneraRespuestas        : String index out of range: 56
2018-05-12 23:08:56.701 ERROR 26500 --- [pool-1-thread-1] o.s.s.s.TaskUtils$LoggingErrorHandler    : Unexpected error occurred in scheduled task.

java.lang.NullPointerException: null
	at com.example.demo.GeneraRespuestas.crearArchivoRta(GeneraRespuestas.java:45) ~[classes!/:0.0.1-SNAPSHOT]
	at com.example.demo.CronBolivariano.leerDirectorio(CronBolivariano.java:45) ~[classes!/:0.0.1-SNAPSHOT]
	at com.example.demo.CronBolivariano.comprobarDirectorio(CronBolivariano.java:35) ~[classes!/:0.0.1-SNAPSHOT]
	at sun.reflect.NativeMethodAccessorImpl.invoke0(Native Method) ~[na:1.8.0_151]
	at sun.reflect.NativeMethodAccessorImpl.invoke(Unknown Source) ~[na:1.8.0_151]
	at sun.reflect.DelegatingMethodAccessorImpl.invoke(Unknown Source) ~[na:1.8.0_151]
	at java.lang.reflect.Method.invoke(Unknown Source) ~[na:1.8.0_151]
	at org.springframework.scheduling.support.ScheduledMethodRunnable.run(ScheduledMethodRunnable.java:65) ~[spring-context-4.3.14.RELEASE.jar!/:4.3.14.RELEASE]
	at org.springframework.scheduling.support.DelegatingErrorHandlingRunnable.run(DelegatingErrorHandlingRunnable.java:54) ~[spring-context-4.3.14.RELEASE.jar!/:4.3.14.RELEASE]
	at java.util.concurrent.Executors$RunnableAdapter.call(Unknown Source) [na:1.8.0_151]
	at java.util.concurrent.FutureTask.runAndReset(Unknown Source) [na:1.8.0_151]
	at java.util.concurrent.ScheduledThreadPoolExecutor$ScheduledFutureTask.access$301(Unknown Source) [na:1.8.0_151]
	at java.util.concurrent.ScheduledThreadPoolExecutor$ScheduledFutureTask.run(Unknown Source) [na:1.8.0_151]
	at java.util.concurrent.ThreadPoolExecutor.runWorker(Unknown Source) [na:1.8.0_151]
	at java.util.concurrent.ThreadPoolExecutor$Worker.run(Unknown Source) [na:1.8.0_151]
	at java.lang.Thread.run(Unknown Source) [na:1.8.0_151]

2018-05-12 23:09:01.705 ERROR 26500 --- [pool-1-thread-1] com.example.demo.CronBolivariano         : reservar_1526184266104.txt
2018-05-12 23:09:01.707 ERROR 26500 --- [pool-1-thread-1] com.example.demo.GeneraRespuestas        : String index out of range: 56
2018-05-12 23:09:01.711 ERROR 26500 --- [pool-1-thread-1] o.s.s.s.TaskUtils$LoggingErrorHandler    : Unexpected error occurred in scheduled task.

java.lang.NullPointerException: null
	at com.example.demo.GeneraRespuestas.crearArchivoRta(GeneraRespuestas.java:45) ~[classes!/:0.0.1-SNAPSHOT]
	at com.example.demo.CronBolivariano.leerDirectorio(CronBolivariano.java:45) ~[classes!/:0.0.1-SNAPSHOT]
	at com.example.demo.CronBolivariano.comprobarDirectorio(CronBolivariano.java:35) ~[classes!/:0.0.1-SNAPSHOT]
	at sun.reflect.NativeMethodAccessorImpl.invoke0(Native Method) ~[na:1.8.0_151]
	at sun.reflect.NativeMethodAccessorImpl.invoke(Unknown Source) ~[na:1.8.0_151]
	at sun.reflect.DelegatingMethodAccessorImpl.invoke(Unknown Source) ~[na:1.8.0_151]
	at java.lang.reflect.Method.invoke(Unknown Source) ~[na:1.8.0_151]
	at org.springframework.scheduling.support.ScheduledMethodRunnable.run(ScheduledMethodRunnable.java:65) ~[spring-context-4.3.14.RELEASE.jar!/:4.3.14.RELEASE]
	at org.springframework.scheduling.support.DelegatingErrorHandlingRunnable.run(DelegatingErrorHandlingRunnable.java:54) ~[spring-context-4.3.14.RELEASE.jar!/:4.3.14.RELEASE]
	at java.util.concurrent.Executors$RunnableAdapter.call(Unknown Source) [na:1.8.0_151]
	at java.util.concurrent.FutureTask.runAndReset(Unknown Source) [na:1.8.0_151]
	at java.util.concurrent.ScheduledThreadPoolExecutor$ScheduledFutureTask.access$301(Unknown Source) [na:1.8.0_151]
	at java.util.concurrent.ScheduledThreadPoolExecutor$ScheduledFutureTask.run(Unknown Source) [na:1.8.0_151]
	at java.util.concurrent.ThreadPoolExecutor.runWorker(Unknown Source) [na:1.8.0_151]
	at java.util.concurrent.ThreadPoolExecutor$Worker.run(Unknown Source) [na:1.8.0_151]
	at java.lang.Thread.run(Unknown Source) [na:1.8.0_151]

2018-05-12 23:09:05.749  INFO 26500 --- [Thread-2] s.c.a.AnnotationConfigApplicationContext : Closing org.springframework.context.annotation.AnnotationConfigApplicationContext@14da5c3: startup date [Sat May 12 23:08:46 COT 2018]; root of context hierarchy
2018-05-12 23:09:05.752  INFO 26500 --- [Thread-2] o.s.j.e.a.AnnotationMBeanExporter        : Unregistering JMX-exposed beans on shutdown
2018-05-12 23:16:56.708  INFO 27324 --- [main] c.example.demo.FsTransporteApplication   : Starting FsTransporteApplication on DESKTOP-760PLSR with PID 27324 (D:\servicios\fsTransporte\target\classes started by AsusPC in D:\servicios\fsTransporte)
2018-05-12 23:16:56.714  INFO 27324 --- [main] c.example.demo.FsTransporteApplication   : No active profile set, falling back to default profiles: default
2018-05-12 23:16:56.760  INFO 27324 --- [main] s.c.a.AnnotationConfigApplicationContext : Refreshing org.springframework.context.annotation.AnnotationConfigApplicationContext@5890e879: startup date [Sat May 12 23:16:56 COT 2018]; root of context hierarchy
2018-05-12 23:16:57.274  INFO 27324 --- [main] o.s.j.e.a.AnnotationMBeanExporter        : Registering beans for JMX exposure on startup
2018-05-12 23:16:57.284  INFO 27324 --- [main] s.a.ScheduledAnnotationBeanPostProcessor : No TaskScheduler/ScheduledExecutorService bean found for scheduled processing
2018-05-12 23:16:57.303  INFO 27324 --- [main] c.example.demo.FsTransporteApplication   : Started FsTransporteApplication in 0.819 seconds (JVM running for 2.283)
2018-05-12 23:17:02.291 ERROR 27324 --- [pool-1-thread-1] com.example.demo.CronBolivariano         : reservar_1526184266104.txt
2018-05-12 23:17:27.729 ERROR 27324 --- [pool-1-thread-1] com.example.demo.GeneraRespuestas        : String index out of range: 56
2018-05-12 23:17:27.741 ERROR 27324 --- [pool-1-thread-1] o.s.s.s.TaskUtils$LoggingErrorHandler    : Unexpected error occurred in scheduled task.

java.lang.NullPointerException: null
	at com.example.demo.GeneraRespuestas.crearArchivoRta(GeneraRespuestas.java:45) ~[classes/:na]
	at com.example.demo.CronBolivariano.leerDirectorio(CronBolivariano.java:45) ~[classes/:na]
	at com.example.demo.CronBolivariano.comprobarDirectorio(CronBolivariano.java:35) ~[classes/:na]
	at sun.reflect.NativeMethodAccessorImpl.invoke0(Native Method) ~[na:1.8.0_91]
	at sun.reflect.NativeMethodAccessorImpl.invoke(NativeMethodAccessorImpl.java:62) ~[na:1.8.0_91]
	at sun.reflect.DelegatingMethodAccessorImpl.invoke(DelegatingMethodAccessorImpl.java:43) ~[na:1.8.0_91]
	at java.lang.reflect.Method.invoke(Method.java:498) ~[na:1.8.0_91]
	at org.springframework.scheduling.support.ScheduledMethodRunnable.run(ScheduledMethodRunnable.java:65) ~[spring-context-4.3.14.RELEASE.jar:4.3.14.RELEASE]
	at org.springframework.scheduling.support.DelegatingErrorHandlingRunnable.run(DelegatingErrorHandlingRunnable.java:54) ~[spring-context-4.3.14.RELEASE.jar:4.3.14.RELEASE]
	at java.util.concurrent.Executors$RunnableAdapter.call(Executors.java:511) [na:1.8.0_91]
	at java.util.concurrent.FutureTask.runAndReset(FutureTask.java:308) [na:1.8.0_91]
	at java.util.concurrent.ScheduledThreadPoolExecutor$ScheduledFutureTask.access$301(ScheduledThreadPoolExecutor.java:180) [na:1.8.0_91]
	at java.util.concurrent.ScheduledThreadPoolExecutor$ScheduledFutureTask.run(ScheduledThreadPoolExecutor.java:294) [na:1.8.0_91]
	at java.util.concurrent.ThreadPoolExecutor.runWorker(ThreadPoolExecutor.java:1142) [na:1.8.0_91]
	at java.util.concurrent.ThreadPoolExecutor$Worker.run(ThreadPoolExecutor.java:617) [na:1.8.0_91]
	at java.lang.Thread.run(Thread.java:745) [na:1.8.0_91]

2018-05-12 23:17:32.744 ERROR 27324 --- [pool-1-thread-1] com.example.demo.CronBolivariano         : reservar_1526184266104.txt
2018-05-12 23:18:00.614 ERROR 27324 --- [pool-1-thread-1] com.example.demo.GeneraRespuestas        : String index out of range: 56
2018-05-12 23:18:00.616 ERROR 27324 --- [pool-1-thread-1] o.s.s.s.TaskUtils$LoggingErrorHandler    : Unexpected error occurred in scheduled task.

java.lang.NullPointerException: null
	at com.example.demo.GeneraRespuestas.crearArchivoRta(GeneraRespuestas.java:45) ~[classes/:na]
	at com.example.demo.CronBolivariano.leerDirectorio(CronBolivariano.java:45) ~[classes/:na]
	at com.example.demo.CronBolivariano.comprobarDirectorio(CronBolivariano.java:35) ~[classes/:na]
	at sun.reflect.NativeMethodAccessorImpl.invoke0(Native Method) ~[na:1.8.0_91]
	at sun.reflect.NativeMethodAccessorImpl.invoke(NativeMethodAccessorImpl.java:62) ~[na:1.8.0_91]
	at sun.reflect.DelegatingMethodAccessorImpl.invoke(DelegatingMethodAccessorImpl.java:43) ~[na:1.8.0_91]
	at java.lang.reflect.Method.invoke(Method.java:498) ~[na:1.8.0_91]
	at org.springframework.scheduling.support.ScheduledMethodRunnable.run(ScheduledMethodRunnable.java:65) ~[spring-context-4.3.14.RELEASE.jar:4.3.14.RELEASE]
	at org.springframework.scheduling.support.DelegatingErrorHandlingRunnable.run(DelegatingErrorHandlingRunnable.java:54) ~[spring-context-4.3.14.RELEASE.jar:4.3.14.RELEASE]
	at java.util.concurrent.Executors$RunnableAdapter.call(Executors.java:511) [na:1.8.0_91]
	at java.util.concurrent.FutureTask.runAndReset(FutureTask.java:308) [na:1.8.0_91]
	at java.util.concurrent.ScheduledThreadPoolExecutor$ScheduledFutureTask.access$301(ScheduledThreadPoolExecutor.java:180) [na:1.8.0_91]
	at java.util.concurrent.ScheduledThreadPoolExecutor$ScheduledFutureTask.run(ScheduledThreadPoolExecutor.java:294) [na:1.8.0_91]
	at java.util.concurrent.ThreadPoolExecutor.runWorker(ThreadPoolExecutor.java:1142) [na:1.8.0_91]
	at java.util.concurrent.ThreadPoolExecutor$Worker.run(ThreadPoolExecutor.java:617) [na:1.8.0_91]
	at java.lang.Thread.run(Thread.java:745) [na:1.8.0_91]

2018-05-12 23:18:05.619 ERROR 27324 --- [pool-1-thread-1] com.example.demo.CronBolivariano         : reservar_1526184266104.txt
2018-05-12 23:18:50.723  INFO 25148 --- [main] c.example.demo.FsTransporteApplication   : Starting FsTransporteApplication on DESKTOP-760PLSR with PID 25148 (D:\servicios\fsTransporte\target\classes started by AsusPC in D:\servicios\fsTransporte)
2018-05-12 23:18:50.727  INFO 25148 --- [main] c.example.demo.FsTransporteApplication   : No active profile set, falling back to default profiles: default
2018-05-12 23:18:50.773  INFO 25148 --- [main] s.c.a.AnnotationConfigApplicationContext : Refreshing org.springframework.context.annotation.AnnotationConfigApplicationContext@5890e879: startup date [Sat May 12 23:18:50 COT 2018]; root of context hierarchy
2018-05-12 23:18:51.277  INFO 25148 --- [main] o.s.j.e.a.AnnotationMBeanExporter        : Registering beans for JMX exposure on startup
2018-05-12 23:18:51.286  INFO 25148 --- [main] s.a.ScheduledAnnotationBeanPostProcessor : No TaskScheduler/ScheduledExecutorService bean found for scheduled processing
2018-05-12 23:18:51.295  INFO 25148 --- [main] c.example.demo.FsTransporteApplication   : Started FsTransporteApplication in 0.807 seconds (JVM running for 1.332)
2018-05-12 23:18:56.292 ERROR 25148 --- [pool-1-thread-1] com.example.demo.CronBolivariano         : reservar_1526184266104.txt
2018-05-12 23:19:06.165 ERROR 25148 --- [pool-1-thread-1] com.example.demo.GeneraRespuestas        : String index out of range: 56
2018-05-12 23:19:06.169 ERROR 25148 --- [pool-1-thread-1] o.s.s.s.TaskUtils$LoggingErrorHandler    : Unexpected error occurred in scheduled task.

java.lang.NullPointerException: null
	at com.example.demo.GeneraRespuestas.crearArchivoRta(GeneraRespuestas.java:45) ~[classes/:na]
	at com.example.demo.CronBolivariano.leerDirectorio(CronBolivariano.java:45) ~[classes/:na]
	at com.example.demo.CronBolivariano.comprobarDirectorio(CronBolivariano.java:35) ~[classes/:na]
	at sun.reflect.NativeMethodAccessorImpl.invoke0(Native Method) ~[na:1.8.0_91]
	at sun.reflect.NativeMethodAccessorImpl.invoke(NativeMethodAccessorImpl.java:62) ~[na:1.8.0_91]
	at sun.reflect.DelegatingMethodAccessorImpl.invoke(DelegatingMethodAccessorImpl.java:43) ~[na:1.8.0_91]
	at java.lang.reflect.Method.invoke(Method.java:498) ~[na:1.8.0_91]
	at org.springframework.scheduling.support.ScheduledMethodRunnable.run(ScheduledMethodRunnable.java:65) ~[spring-context-4.3.14.RELEASE.jar:4.3.14.RELEASE]
	at org.springframework.scheduling.support.DelegatingErrorHandlingRunnable.run(DelegatingErrorHandlingRunnable.java:54) ~[spring-context-4.3.14.RELEASE.jar:4.3.14.RELEASE]
	at java.util.concurrent.Executors$RunnableAdapter.call(Executors.java:511) [na:1.8.0_91]
	at java.util.concurrent.FutureTask.runAndReset(FutureTask.java:308) [na:1.8.0_91]
	at java.util.concurrent.ScheduledThreadPoolExecutor$ScheduledFutureTask.access$301(ScheduledThreadPoolExecutor.java:180) [na:1.8.0_91]
	at java.util.concurrent.ScheduledThreadPoolExecutor$ScheduledFutureTask.run(ScheduledThreadPoolExecutor.java:294) [na:1.8.0_91]
	at java.util.concurrent.ThreadPoolExecutor.runWorker(ThreadPoolExecutor.java:1142) [na:1.8.0_91]
	at java.util.concurrent.ThreadPoolExecutor$Worker.run(ThreadPoolExecutor.java:617) [na:1.8.0_91]
	at java.lang.Thread.run(Thread.java:745) [na:1.8.0_91]

2018-05-12 23:19:11.172 ERROR 25148 --- [pool-1-thread-1] com.example.demo.CronBolivariano         : reservar_1526184266104.txt
2018-05-12 23:19:50.972  INFO 7628 --- [main] c.example.demo.FsTransporteApplication   : Starting FsTransporteApplication on DESKTOP-760PLSR with PID 7628 (D:\servicios\fsTransporte\target\classes started by AsusPC in D:\servicios\fsTransporte)
2018-05-12 23:19:50.976  INFO 7628 --- [main] c.example.demo.FsTransporteApplication   : No active profile set, falling back to default profiles: default
2018-05-12 23:19:51.025  INFO 7628 --- [main] s.c.a.AnnotationConfigApplicationContext : Refreshing org.springframework.context.annotation.AnnotationConfigApplicationContext@5890e879: startup date [Sat May 12 23:19:51 COT 2018]; root of context hierarchy
2018-05-12 23:19:51.528  INFO 7628 --- [main] o.s.j.e.a.AnnotationMBeanExporter        : Registering beans for JMX exposure on startup
2018-05-12 23:19:51.537  INFO 7628 --- [main] s.a.ScheduledAnnotationBeanPostProcessor : No TaskScheduler/ScheduledExecutorService bean found for scheduled processing
2018-05-12 23:19:51.546  INFO 7628 --- [main] c.example.demo.FsTransporteApplication   : Started FsTransporteApplication in 0.807 seconds (JVM running for 1.345)
2018-05-12 23:19:56.544 ERROR 7628 --- [pool-1-thread-1] com.example.demo.CronBolivariano         : reservar_1526184266104.txt
2018-05-12 23:20:04.307 ERROR 7628 --- [pool-1-thread-1] com.example.demo.GeneraRespuestas        : String index out of range: 56
2018-05-12 23:20:04.369 ERROR 7628 --- [pool-1-thread-1] o.s.s.s.TaskUtils$LoggingErrorHandler    : Unexpected error occurred in scheduled task.

java.lang.NullPointerException: null
	at com.example.demo.GeneraRespuestas.crearArchivoRta(GeneraRespuestas.java:45) ~[classes/:na]
	at com.example.demo.CronBolivariano.leerDirectorio(CronBolivariano.java:45) ~[classes/:na]
	at com.example.demo.CronBolivariano.comprobarDirectorio(CronBolivariano.java:35) ~[classes/:na]
	at sun.reflect.NativeMethodAccessorImpl.invoke0(Native Method) ~[na:1.8.0_91]
	at sun.reflect.NativeMethodAccessorImpl.invoke(NativeMethodAccessorImpl.java:62) ~[na:1.8.0_91]
	at sun.reflect.DelegatingMethodAccessorImpl.invoke(DelegatingMethodAccessorImpl.java:43) ~[na:1.8.0_91]
	at java.lang.reflect.Method.invoke(Method.java:498) ~[na:1.8.0_91]
	at org.springframework.scheduling.support.ScheduledMethodRunnable.run(ScheduledMethodRunnable.java:65) ~[spring-context-4.3.14.RELEASE.jar:4.3.14.RELEASE]
	at org.springframework.scheduling.support.DelegatingErrorHandlingRunnable.run(DelegatingErrorHandlingRunnable.java:54) ~[spring-context-4.3.14.RELEASE.jar:4.3.14.RELEASE]
	at java.util.concurrent.Executors$RunnableAdapter.call(Executors.java:511) [na:1.8.0_91]
	at java.util.concurrent.FutureTask.runAndReset(FutureTask.java:308) [na:1.8.0_91]
	at java.util.concurrent.ScheduledThreadPoolExecutor$ScheduledFutureTask.access$301(ScheduledThreadPoolExecutor.java:180) [na:1.8.0_91]
	at java.util.concurrent.ScheduledThreadPoolExecutor$ScheduledFutureTask.run(ScheduledThreadPoolExecutor.java:294) [na:1.8.0_91]
	at java.util.concurrent.ThreadPoolExecutor.runWorker(ThreadPoolExecutor.java:1142) [na:1.8.0_91]
	at java.util.concurrent.ThreadPoolExecutor$Worker.run(ThreadPoolExecutor.java:617) [na:1.8.0_91]
	at java.lang.Thread.run(Thread.java:745) [na:1.8.0_91]

2018-05-12 23:20:09.372 ERROR 7628 --- [pool-1-thread-1] com.example.demo.CronBolivariano         : reservar_1526184266104.txt
2018-05-12 23:21:12.317 ERROR 7628 --- [pool-1-thread-1] com.example.demo.GeneraRespuestas        : String index out of range: 56
2018-05-12 23:21:12.319 ERROR 7628 --- [pool-1-thread-1] o.s.s.s.TaskUtils$LoggingErrorHandler    : Unexpected error occurred in scheduled task.

java.lang.NullPointerException: null
	at com.example.demo.GeneraRespuestas.crearArchivoRta(GeneraRespuestas.java:45) ~[classes/:na]
	at com.example.demo.CronBolivariano.leerDirectorio(CronBolivariano.java:45) ~[classes/:na]
	at com.example.demo.CronBolivariano.comprobarDirectorio(CronBolivariano.java:35) ~[classes/:na]
	at sun.reflect.NativeMethodAccessorImpl.invoke0(Native Method) ~[na:1.8.0_91]
	at sun.reflect.NativeMethodAccessorImpl.invoke(NativeMethodAccessorImpl.java:62) ~[na:1.8.0_91]
	at sun.reflect.DelegatingMethodAccessorImpl.invoke(DelegatingMethodAccessorImpl.java:43) ~[na:1.8.0_91]
	at java.lang.reflect.Method.invoke(Method.java:498) ~[na:1.8.0_91]
	at org.springframework.scheduling.support.ScheduledMethodRunnable.run(ScheduledMethodRunnable.java:65) ~[spring-context-4.3.14.RELEASE.jar:4.3.14.RELEASE]
	at org.springframework.scheduling.support.DelegatingErrorHandlingRunnable.run(DelegatingErrorHandlingRunnable.java:54) ~[spring-context-4.3.14.RELEASE.jar:4.3.14.RELEASE]
	at java.util.concurrent.Executors$RunnableAdapter.call(Executors.java:511) [na:1.8.0_91]
	at java.util.concurrent.FutureTask.runAndReset(FutureTask.java:308) [na:1.8.0_91]
	at java.util.concurrent.ScheduledThreadPoolExecutor$ScheduledFutureTask.access$301(ScheduledThreadPoolExecutor.java:180) [na:1.8.0_91]
	at java.util.concurrent.ScheduledThreadPoolExecutor$ScheduledFutureTask.run(ScheduledThreadPoolExecutor.java:294) [na:1.8.0_91]
	at java.util.concurrent.ThreadPoolExecutor.runWorker(ThreadPoolExecutor.java:1142) [na:1.8.0_91]
	at java.util.concurrent.ThreadPoolExecutor$Worker.run(ThreadPoolExecutor.java:617) [na:1.8.0_91]
	at java.lang.Thread.run(Thread.java:745) [na:1.8.0_91]

